proguard/seeds.txt
idv.jlchntoz.oekakimobile.MainActivity
idv.jlchntoz.oekakimobile.MainActivity: MainActivity()
idv.jlchntoz.oekakimobile.PaintCanvas
idv.jlchntoz.oekakimobile.PaintCanvas: PaintCanvas(android.content.Context)
idv.jlchntoz.oekakimobile.PaintCanvas: PaintCanvas(android.content.Context,int,int)
idv.jlchntoz.oekakimobile.PaintCanvas: PaintCanvas(android.content.Context,android.util.AttributeSet)
idv.jlchntoz.oekakimobile.PaintCanvas: void setArtWork(com.chibipaint.engine.CPArtwork)
idv.jlchntoz.oekakimobile.PaintCanvas: android.graphics.PointF getOffset()
idv.jlchntoz.oekakimobile.PaintCanvas: void setOffset(android.graphics.PointF)
idv.jlchntoz.oekakimobile.PaintCanvas: float getRotation2()
idv.jlchntoz.oekakimobile.PaintCanvas: void setRotation2(float)
idv.jlchntoz.oekakimobile.PaintCanvas: float getZoom()
idv.jlchntoz.oekakimobile.PaintCanvas: void setZoom(float)
idv.jlchntoz.oekakimobile.PaintCanvas: android.graphics.PointF getSize()
idv.jlchntoz.oekakimobile.R$array: int mixModeNames
idv.jlchntoz.oekakimobile.R$array: int tipNames
idv.jlchntoz.oekakimobile.R$attr: int actionBarDivider
idv.jlchntoz.oekakimobile.R$attr: int actionBarItemBackground
idv.jlchntoz.oekakimobile.R$attr: int actionBarSize
idv.jlchntoz.oekakimobile.R$attr: int actionBarSplitStyle
idv.jlchntoz.oekakimobile.R$attr: int actionBarStyle
idv.jlchntoz.oekakimobile.R$attr: int actionBarTabBarStyle
idv.jlchntoz.oekakimobile.R$attr: int actionBarTabStyle
idv.jlchntoz.oekakimobile.R$attr: int actionBarTabTextStyle
idv.jlchntoz.oekakimobile.R$attr: int actionBarWidgetTheme
idv.jlchntoz.oekakimobile.R$attr: int actionButtonStyle
idv.jlchntoz.oekakimobile.R$attr: int actionDropDownStyle
idv.jlchntoz.oekakimobile.R$attr: int actionMenuTextAppearance
idv.jlchntoz.oekakimobile.R$attr: int actionMenuTextColor
idv.jlchntoz.oekakimobile.R$attr: int actionModeBackground
idv.jlchntoz.oekakimobile.R$attr: int actionModeCloseButtonStyle
idv.jlchntoz.oekakimobile.R$attr: int actionModeCloseDrawable
idv.jlchntoz.oekakimobile.R$attr: int actionModePopupWindowStyle
idv.jlchntoz.oekakimobile.R$attr: int actionModeShareDrawable
idv.jlchntoz.oekakimobile.R$attr: int actionModeSplitBackground
idv.jlchntoz.oekakimobile.R$attr: int actionModeStyle
idv.jlchntoz.oekakimobile.R$attr: int actionOverflowButtonStyle
idv.jlchntoz.oekakimobile.R$attr: int actionSpinnerItemStyle
idv.jlchntoz.oekakimobile.R$attr: int activatedBackgroundIndicator
idv.jlchntoz.oekakimobile.R$attr: int activityChooserViewStyle
idv.jlchntoz.oekakimobile.R$bool: int abs__action_bar_embed_tabs
idv.jlchntoz.oekakimobile.R$bool: int abs__action_bar_expanded_action_views_exclusive
idv.jlchntoz.oekakimobile.R$bool: int abs__config_actionMenuItemAllCaps
idv.jlchntoz.oekakimobile.R$bool: int abs__config_allowActionMenuItemTextWithIcon
idv.jlchntoz.oekakimobile.R$bool: int abs__config_showMenuShortcutsWhenKeyboardPresent
idv.jlchntoz.oekakimobile.R$bool: int abs__split_action_bar_is_narrow
...
com.jeremyfeinstein.slidingmenu.lib.SlidingMenu
com.jeremyfeinstein.slidingmenu.lib.SlidingMenu: SlidingMenu(android.content.Context)
com.jeremyfeinstein.slidingmenu.lib.SlidingMenu: SlidingMenu(android.app.Activity,int)
com.jeremyfeinstein.slidingmenu.lib.SlidingMenu: SlidingMenu(android.content.Context,android.util.AttributeSet)
com.jeremyfeinstein.slidingmenu.lib.SlidingMenu: SlidingMenu(android.content.Context,android.util.AttributeSet,int)
com.jeremyfeinstein.slidingmenu.lib.SlidingMenu: void setContent(int)
com.jeremyfeinstein.slidingmenu.lib.SlidingMenu: void setContent(android.view.View)
com.jeremyfeinstein.slidingmenu.lib.SlidingMenu: android.view.View getContent()
com.jeremyfeinstein.slidingmenu.lib.SlidingMenu: void setMenu(int)
com.jeremyfeinstein.slidingmenu.lib.SlidingMenu: void setMenu(android.view.View)
com.jeremyfeinstein.slidingmenu.lib.SlidingMenu: android.view.View getMenu()
com.jeremyfeinstein.slidingmenu.lib.SlidingMenu: void setSecondaryMenu(int)
com.jeremyfeinstein.slidingmenu.lib.SlidingMenu: void setSecondaryMenu(android.view.View)
com.jeremyfeinstein.slidingmenu.lib.SlidingMenu: android.view.View getSecondaryMenu()
com.jeremyfeinstein.slidingmenu.lib.SlidingMenu: void setSlidingEnabled(boolean)
com.jeremyfeinstein.slidingmenu.lib.SlidingMenu: void setMode(int)
com.jeremyfeinstein.slidingmenu.lib.SlidingMenu: int getMode()
com.jeremyfeinstein.slidingmenu.lib.SlidingMenu: void setStatic(boolean)
com.jeremyfeinstein.slidingmenu.lib.SlidingMenu$SavedState
com.jeremyfeinstein.slidingmenu.lib.SlidingMenu$SavedState: android.os.Parcelable$Creator CREATOR
com.jeremyfeinstein.slidingmenu.lib.app.SlidingActivity: void setContentView(android.view.View)
com.jeremyfeinstein.slidingmenu.lib.app.SlidingActivity: void setBehindContentView(android.view.View)
com.jeremyfeinstein.slidingmenu.lib.app.SlidingFragmentActivity: void setContentView(android.view.View)
com.jeremyfeinstein.slidingmenu.lib.app.SlidingFragmentActivity: void setBehindContentView(android.view.View)
com.jeremyfeinstein.slidingmenu.lib.app.SlidingListActivity: void setContentView(android.view.View)
com.jeremyfeinstein.slidingmenu.lib.app.SlidingListActivity: void setBehindContentView(android.view.View)
com.jeremyfeinstein.slidingmenu.lib.app.SlidingPreferenceActivity: void setContentView(android.view.View)
com.jeremyfeinstein.slidingmenu.lib.app.SlidingPreferenceActivity: void setBehindContentView(android.view.View)
com.mobeta.android.CheckableLinearLayout
com.mobeta.android.CheckableLinearLayout: CheckableLinearLayout(android.content.Context,android.util.AttributeSet)
com.mobeta.android.CheckableLinearLayout: void setChecked(boolean)
com.mobeta.android.dslv.DragSortItemView: void setGravity(int)
com.mobeta.android.dslv.DragSortItemView: int getGravity()
com.mobeta.android.dslv.DragSortItemViewCheckable: void setChecked(boolean)