proguard/mapping.txt
idv.jlchntoz.oekakimobile.BlurDialog -> idv.jlchntoz.oekakimobile.a:
    android.content.Context context -> i
    idv.jlchntoz.oekakimobile.BlurDialog$BlurDialogCallBack callBack -> a
    android.view.View DialogView -> j
    android.widget.EditText tvwidth -> b
    android.widget.EditText tvheight -> c
    android.widget.EditText tviterations -> d
    android.app.AlertDialog dialog -> e
    java.lang.String prompt -> k
    int w -> f
    int h -> g
    int i -> h
idv.jlchntoz.oekakimobile.BlurDialog$1 -> idv.jlchntoz.oekakimobile.b:
    idv.jlchntoz.oekakimobile.BlurDialog this$0 -> a
    void onClick(android.content.DialogInterface,int) -> onClick
idv.jlchntoz.oekakimobile.BlurDialog$2 -> idv.jlchntoz.oekakimobile.c:
    idv.jlchntoz.oekakimobile.BlurDialog this$0 -> a
    void onClick(android.content.DialogInterface,int) -> onClick
idv.jlchntoz.oekakimobile.BlurDialog$BlurDialogCallBack -> idv.jlchntoz.oekakimobile.d:
    void onCallBack$2d9e0332(int,int,int) -> a
idv.jlchntoz.oekakimobile.CPControllerDroid -> idv.jlchntoz.oekakimobile.e:
idv.jlchntoz.oekakimobile.CheckBoxedArrayAdapter -> idv.jlchntoz.oekakimobile.f:
    idv.jlchntoz.oekakimobile.CheckBoxedArrayAdapter$list entries -> d
    int resource -> e
    int checkBoxResourceId -> f
    int textViewResourceId -> g
    android.content.Context context -> h
    idv.jlchntoz.oekakimobile.CheckBoxedArrayAdapter$OnCheckChangedListener CheckListener -> a
    idv.jlchntoz.oekakimobile.CheckBoxedArrayAdapter$OnItemClickListener ClickListener -> b
    android.content.res.Resources res -> c
    android.view.View getView(int,android.view.View,android.view.ViewGroup) -> getView
    void setOnCheckedChangeListener(idv.jlchntoz.oekakimobile.CheckBoxedArrayAdapter$OnCheckChangedListener) -> a
    void setOnClickListener(idv.jlchntoz.oekakimobile.CheckBoxedArrayAdapter$OnItemClickListener) -> a
    void add(java.lang.String,java.lang.Boolean,java.lang.Boolean) -> a
    void insert(java.lang.String,java.lang.Boolean,java.lang.Boolean,int) -> a
idv.jlchntoz.oekakimobile.CheckBoxedArrayAdapter$1 -> idv.jlchntoz.oekakimobile.g:
    idv.jlchntoz.oekakimobile.CheckBoxedArrayAdapter this$0 -> a
    int val$position -> b
    void onCheckedChanged(android.widget.CompoundButton,boolean) -> onCheckedChanged
idv.jlchntoz.oekakimobile.CheckBoxedArrayAdapter$2 -> idv.jlchntoz.oekakimobile.h:
    idv.jlchntoz.oekakimobile.CheckBoxedArrayAdapter this$0 -> a
    int val$position -> b
    boolean onTouch(android.view.View,android.view.MotionEvent) -> onTouch
idv.jlchntoz.oekakimobile.CheckBoxedArrayAdapter$ContentHolder -> idv.jlchntoz.oekakimobile.i:
    java.lang.String name -> a
    java.lang.Boolean Checked -> b
    java.lang.Boolean Selected -> c
    idv.jlchntoz.oekakimobile.CheckBoxedArrayAdapter this$0 -> d
idv.jlchntoz.oekakimobile.CheckBoxedArrayAdapter$OnCheckChangedListener -> idv.jlchntoz.oekakimobile.j:
    void OnCheckedChange$5083124b(int,boolean) -> a
idv.jlchntoz.oekakimobile.CheckBoxedArrayAdapter$OnItemClickListener -> idv.jlchntoz.oekakimobile.k:
    void OnItemClick$5359dc9a(int) -> a
idv.jlchntoz.oekakimobile.CheckBoxedArrayAdapter$ViewHolder -> idv.jlchntoz.oekakimobile.l:
    android.widget.TextView TVName -> a
    android.widget.CheckBox Checker -> b
    idv.jlchntoz.oekakimobile.CheckBoxedArrayAdapter this$0 -> c
idv.jlchntoz.oekakimobile.CheckBoxedArrayAdapter$list -> idv.jlchntoz.oekakimobile.m:
...
android.support.v4.view.ViewPager$ItemInfo -> android.support.v4.view.ah:
    java.lang.Object object -> a
    int position -> b
    boolean scrolling -> c
    float widthFactor -> d
    float offset -> e
android.support.v4.view.ViewPager$LayoutParams -> android.support.v4.view.ai:
    boolean isDecor -> a
    int gravity -> b
    float widthFactor -> c
    boolean needsMeasure -> d
    int position -> e
    int childIndex -> f
android.support.v4.view.ViewPager$OnAdapterChangeListener -> android.support.v4.view.aj:
android.support.v4.view.ViewPager$OnPageChangeListener -> android.support.v4.view.ak:
android.support.v4.view.ViewPager$PageTransformer -> android.support.v4.view.al:
android.support.v4.view.ViewPager$PagerObserver -> android.support.v4.view.am:
    android.support.v4.view.ViewPager this$0 -> a
    void onChanged() -> onChanged
    void onInvalidated() -> onInvalidated
android.support.v4.view.ViewPager$SavedState -> android.support.v4.view.ViewPager$SavedState:
    int position -> a
    android.os.Parcelable adapterState -> b
    java.lang.ClassLoader loader -> c
    android.os.Parcelable$Creator CREATOR -> CREATOR
    void writeToParcel(android.os.Parcel,int) -> writeToParcel
    java.lang.String toString() -> toString
android.support.v4.view.ViewPager$SavedState$1 -> android.support.v4.view.an:
    java.lang.Object[] newArray(int) -> a
    java.lang.Object createFromParcel(android.os.Parcel,java.lang.ClassLoader) -> a
android.support.v4.view.ViewPager$ViewPositionComparator -> android.support.v4.view.ao:
    int compare(java.lang.Object,java.lang.Object) -> compare
android.support.v4.widget.CursorAdapter -> android.support.v4.widget.a:
    boolean mDataValid -> mDataValid
    boolean mAutoRequery -> mAutoRequery
    android.database.Cursor mCursor -> mCursor
    android.content.Context mContext -> mContext
    int mRowIDColumn -> mRowIDColumn
    android.support.v4.widget.CursorAdapter$ChangeObserver mChangeObserver -> mChangeObserver
    android.database.DataSetObserver mDataSetObserver -> mDataSetObserver
    android.support.v4.widget.CursorFilter mCursorFilter -> mCursorFilter
    android.widget.FilterQueryProvider mFilterQueryProvider -> mFilterQueryProvider
    int FLAG_AUTO_REQUERY -> FLAG_AUTO_REQUERY
    int FLAG_REGISTER_CONTENT_OBSERVER -> FLAG_REGISTER_CONTENT_OBSERVER
    void init(android.content.Context,android.database.Cursor,boolean) -> init
    void init(android.content.Context,android.database.Cursor,int) -> init
    android.database.Cursor getCursor() -> getCursor
    int getCount() -> getCount
    java.lang.Object getItem(int) -> getItem
    long getItemId(int) -> getItemId
    boolean hasStableIds() -> hasStableIds
    android.view.View getView(int,android.view.View,android.view.ViewGroup) -> getView
    android.view.View getDropDownView(int,android.view.View,android.view.ViewGroup) -> getDropDownView
    android.view.View newView(android.content.Context,android.database.Cursor,android.view.ViewGroup) -> newView
android.support.v4.widget.CursorAdapter$ChangeObserver -> android.support.v4.widget.b:
    android.support.v4.widget.CursorAdapter this$0 -> a
    boolean deliverSelfNotifications() -> deliverSelfNotifications
    void onChange(boolean) -> onChange
android.support.v4.widget.CursorAdapter$MyDataSetObserver -> android.support.v4.widget.c:
    android.support.v4.widget.CursorAdapter this$0 -> a
    void onChanged() -> onChanged
    void onInvalidated() -> onInvalidated
android.support.v4.widget.CursorFilter -> android.support.v4.widget.d:
    android.support.v4.widget.CursorFilter$CursorFilterClient mClient -> a
    java.lang.CharSequence convertResultToString(java.lang.Object) -> convertResultToString
    android.widget.Filter$FilterResults performFiltering(java.lang.CharSequence) -> performFiltering
    void publishResults(java.lang.CharSequence,android.widget.Filter$FilterResults) -> publishResults