proguard/usage.txt
idv.jlchntoz.oekakimobile.BuildConfig
idv.jlchntoz.oekakimobile.CheckBoxedArrayAdapter$ContentHolder:
    117:118:public CheckBoxedArrayAdapter$ContentHolder(idv.jlchntoz.oekakimobile.CheckBoxedArrayAdapter)
    121:122:public CheckBoxedArrayAdapter$ContentHolder(idv.jlchntoz.oekakimobile.CheckBoxedArrayAdapter,java.lang.String)
    125:126:public CheckBoxedArrayAdapter$ContentHolder(idv.jlchntoz.oekakimobile.CheckBoxedArrayAdapter,java.lang.String,java.lang.Boolean)
idv.jlchntoz.oekakimobile.ColorTextureDrawerHandler$TextureFactory:
    209:209:public ColorTextureDrawerHandler$TextureFactory()
idv.jlchntoz.oekakimobile.MainActivity:
    com.actionbarsherlock.view.MenuItem colorMenuItem
    com.actionbarsherlock.view.MenuItem textureSettingsMenuItem
    android.graphics.Canvas ColorIconCanvas
    338:338:public void viewChange(com.chibipaint.CPController$CPViewInfo)
    343:344:public void cpEvent()
idv.jlchntoz.oekakimobile.PaintCanvas:
    297:299:public void zoomIn()
    302:304:public void zoomOut()
    307:308:public void resetZoom()
idv.jlchntoz.oekakimobile.PaintCanvas$CPBezierMode:
    static final int BEZIER_POINTS
    static final int BEZIER_POINTS_PREVIEW
idv.jlchntoz.oekakimobile.PaintCanvas$CPMode:
    332:332:public void mouseMoved(android.view.MotionEvent)
    334:334:public void mouseClicked(android.view.MotionEvent)
    336:336:public void mouseEntered(android.view.MotionEvent)
    338:338:public void mouseExited(android.view.MotionEvent)
idv.jlchntoz.oekakimobile.R
idv.jlchntoz.oekakimobile.R$array
idv.jlchntoz.oekakimobile.R$attr
idv.jlchntoz.oekakimobile.R$bool
idv.jlchntoz.oekakimobile.R$color
idv.jlchntoz.oekakimobile.R$dimen
idv.jlchntoz.oekakimobile.R$drawable
idv.jlchntoz.oekakimobile.R$id
idv.jlchntoz.oekakimobile.R$integer
idv.jlchntoz.oekakimobile.R$layout
idv.jlchntoz.oekakimobile.R$menu
idv.jlchntoz.oekakimobile.R$string
idv.jlchntoz.oekakimobile.R$style
idv.jlchntoz.oekakimobile.R$styleable
...
android.support.v4.accessibilityservice.AccessibilityServiceInfoCompat
android.support.v4.accessibilityservice.AccessibilityServiceInfoCompat$AccessibilityServiceInfoIcsImpl
android.support.v4.accessibilityservice.AccessibilityServiceInfoCompat$AccessibilityServiceInfoStubImpl
android.support.v4.accessibilityservice.AccessibilityServiceInfoCompat$AccessibilityServiceInfoVersionImpl
android.support.v4.accessibilityservice.AccessibilityServiceInfoCompatIcs
android.support.v4.content.AsyncTaskLoader
android.support.v4.content.AsyncTaskLoader$LoadTask
android.support.v4.content.ContextCompatHoneycomb:
    25:25:ContextCompatHoneycomb()
android.support.v4.content.ContextCompatJellybean:
    23:23:ContextCompatJellybean()
android.support.v4.content.CursorLoader
android.support.v4.content.FileProvider
android.support.v4.content.FileProvider$PathStrategy
android.support.v4.content.FileProvider$SimplePathStrategy
android.support.v4.content.IntentCompat:
    public static final java.lang.String ACTION_EXTERNAL_APPLICATIONS_AVAILABLE
    public static final java.lang.String ACTION_EXTERNAL_APPLICATIONS_UNAVAILABLE
    public static final java.lang.String EXTRA_CHANGED_PACKAGE_LIST
    public static final java.lang.String EXTRA_CHANGED_UID_LIST
    public static final java.lang.String EXTRA_HTML_TEXT
    public static final int FLAG_ACTIVITY_TASK_ON_HOME
    public static final int FLAG_ACTIVITY_CLEAR_TASK
    95:97:private IntentCompat()
    249:249:public static android.content.Intent makeMainSelectorActivity(java.lang.String,java.lang.String)
    266:266:public static android.content.Intent makeRestartActivityTask(android.content.ComponentName)
android.support.v4.content.IntentCompat$IntentCompatImpl:
    public abstract android.content.Intent makeMainSelectorActivity(java.lang.String,java.lang.String)
    public abstract android.content.Intent makeRestartActivityTask(android.content.ComponentName)
android.support.v4.content.IntentCompat$IntentCompatImplBase:
    51:53:public android.content.Intent makeMainSelectorActivity(java.lang.String,java.lang.String)
    58:61:public android.content.Intent makeRestartActivityTask(android.content.ComponentName)
android.support.v4.content.IntentCompat$IntentCompatImplHC:
    72:72:public android.content.Intent makeRestartActivityTask(android.content.ComponentName)
android.support.v4.content.IntentCompat$IntentCompatImplIcsMr1:
    79:79:public android.content.Intent makeMainSelectorActivity(java.lang.String,java.lang.String)
android.support.v4.content.IntentCompatHoneycomb:
    22:22:IntentCompatHoneycomb()
    28:28:public static android.content.Intent makeRestartActivityTask(android.content.ComponentName)
android.support.v4.content.IntentCompatIcsMr1
android.support.v4.content.Loader:
    android.content.Context mContext
    90:92:public Loader(android.content.Context)
    102:105:public void deliverResult(java.lang.Object)
    111:111:public android.content.Context getContext()
    118:118:public int getId()
    157:157:public boolean isStarted()
    166:166:public boolean isAbandoned()
    175:175:public boolean isReset()
    217:218:public void forceLoad()
    225:225:protected void onForceLoad()
    312:314:public boolean takeContentChanged()
    326:334:public void onContentChanged()
android.support.v4.content.Loader$ForceLoadContentObserver
android.support.v4.content.Loader$OnLoadCompleteListener:
    public abstract void onLoadComplete(android.support.v4.content.Loader,java.lang.Object)
android.support.v4.content.LocalBroadcastManager
android.support.v4.content.LocalBroadcastManager$1
android.support.v4.content.LocalBroadcastManager$BroadcastRecord
android.support.v4.content.LocalBroadcastManager$ReceiverRecord
android.support.v4.content.ModernAsyncTask
android.support.v4.content.ModernAsyncTask$1
android.support.v4.content.ModernAsyncTask$2
android.support.v4.content.ModernAsyncTask$3